<?xml version="1.0" encoding="UTF-8"?>
<!-- Generated by org.testng.reporters.JUnitReportReporter -->
<testsuite skipped="0" hostname="DESKTOP-7SI8MR9" name="com.cn.testScripts.TestRegister" tests="1" failures="0" timestamp="02 四月 2021 15:09:46 GMT" time="17.596" errors="0">
  <testcase name="testRegistSuccess" time="17.596" classname="com.cn.testScripts.TestRegister"/>
</testsuite> <!-- com.cn.testScripts.TestRegister -->
